# JRE version: OpenJDK Runtime Environment (17.0.6) (build 17.0.6+0-b2043.56-9586694)
# Java VM: OpenJDK 64-Bit Server VM (17.0.6+0-b2043.56-9586694, mixed mode, tiered, compressed oops, compressed class ptrs, g1 gc, windows-amd64)
GC Precious Log:
 CPUs: 8 total, 8 available
 Memory: 7934M
 Large Page Support: Disabled
 NUMA Support: Disabled
 Compressed Oops: Enabled (32-bit)
 Heap Region Size: 1M
 Heap Min Capacity: 8M
 Heap Initial Capacity: 124M
 Heap Max Capacity: 2G
 Pre-touch: Disabled
 Parallel Workers: 8
 Concurrent Workers: 2
 Concurrent Refinement Workers: 8
 Periodic GC: Disabled
Heap:
 garbage-first heap   total 290816K, used 194323K [0x0000000080000000, 0x0000000100000000)
  region size 1024K, 89 young (91136K), 0 survivors (0K)
 Metaspace       used 147389K, committed 148800K, reserved 1179648K
  class space    used 19528K, committed 20224K, reserved 1048576K
GC Heap History (20 events):
Event: 5960.977 GC heap before
{Heap before GC invocations=107 (full 1):
 garbage-first heap   total 296960K, used 166258K [0x0000000080000000, 0x0000000100000000)
  region size 1024K, 71 young (72704K), 6 survivors (6144K)
 Metaspace       used 144763K, committed 145728K, reserved 1179648K
  class space    used 19200K, committed 19712K, reserved 1048576K
}
Event: 5961.006 GC heap after
{Heap after GC invocations=108 (full 1):
 garbage-first heap   total 296960K, used 107040K [0x0000000080000000, 0x0000000100000000)
  region size 1024K, 9 young (9216K), 9 survivors (9216K)
 Metaspace       used 144763K, committed 145728K, reserved 1179648K
  class space    used 19200K, committed 19712K, reserved 1048576K
}
Event: 5981.675 GC heap before
{Heap before GC invocations=108 (full 1):
 garbage-first heap   total 296960K, used 176672K [0x0000000080000000, 0x0000000100000000)
  region size 1024K, 64 young (65536K), 9 survivors (9216K)
 Metaspace       used 144893K, committed 145920K, reserved 1179648K
  class space    used 19210K, committed 19712K, reserved 1048576K
}
Event: 5981.703 GC heap after
{Heap after GC invocations=109 (full 1):
 garbage-first heap   total 296960K, used 108122K [0x0000000080000000, 0x0000000100000000)
  region size 1024K, 4 young (4096K), 4 survivors (4096K)
 Metaspace       used 144893K, committed 145920K, reserved 1179648K
  class space    used 19210K, committed 19712K, reserved 1048576K
}
Event: 6354.144 GC heap before
{Heap before GC invocations=109 (full 1):
 garbage-first heap   total 296960K, used 212570K [0x0000000080000000, 0x0000000100000000)
  region size 1024K, 107 young (109568K), 4 survivors (4096K)
 Metaspace       used 145401K, committed 146432K, reserved 1179648K
  class space    used 19246K, committed 19776K, reserved 1048576K
}
Event: 6354.328 GC heap after
{Heap after GC invocations=110 (full 1):
 garbage-first heap   total 296960K, used 111868K [0x0000000080000000, 0x0000000100000000)
  region size 1024K, 8 young (8192K), 8 survivors (8192K)
 Metaspace       used 145401K, committed 146432K, reserved 1179648K
  class space    used 19246K, committed 19776K, reserved 1048576K
}
Event: 6364.721 GC heap before
{Heap before GC invocations=110 (full 1):
 garbage-first heap   total 296960K, used 151804K [0x0000000080000000, 0x0000000100000000)
  region size 1024K, 48 young (49152K), 8 survivors (8192K)
 Metaspace       used 145503K, committed 146496K, reserved 1179648K
  class space    used 19250K, committed 19776K, reserved 1048576K
}
Event: 6364.781 GC heap after
{Heap after GC invocations=111 (full 1):
 garbage-first heap   total 296960K, used 115531K [0x0000000080000000, 0x0000000100000000)
  region size 1024K, 4 young (4096K), 4 survivors (4096K)
 Metaspace       used 145503K, committed 146496K, reserved 1179648K
  class space    used 19250K, committed 19776K, reserved 1048576K
}
Event: 7242.803 GC heap before
{Heap before GC invocations=111 (full 1):
 garbage-first heap   total 296960K, used 156491K [0x0000000080000000, 0x0000000100000000)
  region size 1024K, 33 young (33792K), 4 survivors (4096K)
 Metaspace       used 145536K, committed 146560K, reserved 1179648K
  class space    used 19250K, committed 19776K, reserved 1048576K
}
Event: 7244.936 GC heap after
{Heap after GC invocations=112 (full 2):
 garbage-first heap   total 290816K, used 84097K [0x0000000080000000, 0x0000000100000000)
  region size 1024K, 0 young (0K), 0 survivors (0K)
 Metaspace       used 145426K, committed 146560K, reserved 1179648K
  class space    used 19223K, committed 19776K, reserved 1048576K
}
Event: 8504.459 GC heap before
{Heap before GC invocations=112 (full 2):
 garbage-first heap   total 290816K, used 192641K [0x0000000080000000, 0x0000000100000000)
  region size 1024K, 107 young (109568K), 0 survivors (0K)
 Metaspace       used 145720K, committed 146752K, reserved 1179648K
  class space    used 19238K, committed 19776K, reserved 1048576K
}
Event: 8504.708 GC heap after
{Heap after GC invocations=113 (full 2):
 garbage-first heap   total 290816K, used 94955K [0x0000000080000000, 0x0000000100000000)
  region size 1024K, 11 young (11264K), 11 survivors (11264K)
 Metaspace       used 145720K, committed 146752K, reserved 1179648K
  class space    used 19238K, committed 19776K, reserved 1048576K
}
Event: 8655.962 GC heap before
{Heap before GC invocations=113 (full 2):
 garbage-first heap   total 290816K, used 191211K [0x0000000080000000, 0x0000000100000000)
  region size 1024K, 93 young (95232K), 11 survivors (11264K)
 Metaspace       used 145901K, committed 146944K, reserved 1179648K
  class space    used 19242K, committed 19776K, reserved 1048576K
}
Event: 8655.994 GC heap after
{Heap after GC invocations=114 (full 2):
 garbage-first heap   total 290816K, used 93092K [0x0000000080000000, 0x0000000100000000)
  region size 1024K, 8 young (8192K), 8 survivors (8192K)
 Metaspace       used 145901K, committed 146944K, reserved 1179648K
  class space    used 19242K, committed 19776K, reserved 1048576K
}
Event: 10844.967 GC heap before
{Heap before GC invocations=114 (full 2):
 garbage-first heap   total 290816K, used 152484K [0x0000000080000000, 0x0000000100000000)
  region size 1024K, 68 young (69632K), 8 survivors (8192K)
 Metaspace       used 145960K, committed 147008K, reserved 1179648K
  class space    used 19242K, committed 19776K, reserved 1048576K
}
Event: 10846.040 GC heap after
{Heap after GC invocations=115 (full 3):
 garbage-first heap   total 290816K, used 84051K [0x0000000080000000, 0x0000000100000000)
  region size 1024K, 0 young (0K), 0 survivors (0K)
 Metaspace       used 145884K, committed 147008K, reserved 1179648K
  class space    used 19227K, committed 19776K, reserved 1048576K
}
Event: 17662.706 GC heap before
{Heap before GC invocations=115 (full 3):
 garbage-first heap   total 290816K, used 221267K [0x0000000080000000, 0x0000000100000000)
  region size 1024K, 134 young (137216K), 0 survivors (0K)
 Metaspace       used 145930K, committed 147008K, reserved 1179648K
  class space    used 19232K, committed 19776K, reserved 1048576K
}
Event: 17662.758 GC heap after
{Heap after GC invocations=116 (full 3):
 garbage-first heap   total 290816K, used 87123K [0x0000000080000000, 0x0000000100000000)
  region size 1024K, 3 young (3072K), 3 survivors (3072K)
 Metaspace       used 145930K, committed 147008K, reserved 1179648K
  class space    used 19232K, committed 19776K, reserved 1048576K
}
Event: 17668.303 GC heap before
{Heap before GC invocations=116 (full 3):
 garbage-first heap   total 290816K, used 146515K [0x0000000080000000, 0x0000000100000000)
  region size 1024K, 63 young (64512K), 3 survivors (3072K)
 Metaspace       used 146970K, committed 148288K, reserved 1179648K
  class space    used 19446K, committed 20096K, reserved 1048576K
}
Event: 17670.176 GC heap after
{Heap after GC invocations=117 (full 4):
 garbage-first heap   total 290816K, used 91923K [0x0000000080000000, 0x0000000100000000)
  region size 1024K, 0 young (0K), 0 survivors (0K)
 Metaspace       used 146681K, committed 148288K, reserved 1179648K
  class space    used 19391K, committed 20096K, reserved 1048576K
}

